Jupyter Extension Version: 2021.11.1001550889.
Python Extension Verison: 2021.12.1559732655.
Info 15:39:27: Experimentation service retrieved: [object Object]
Info 15:39:27: ZMQ install verified.
Error 15:39:27: Jupyter Extension (Error in Failed to update settings.json, method:fixSettingsFile): [EntryNotFound (FileSystemError): Unable to read file '/root/.config/Code/User/settings.json' (Error: Unable to resolve nonexistent file '/root/.config/Code/User/settings.json')
	at Function._handleError (/usr/share/code/resources/app/out/vs/workbench/services/extensions/node/extensionHostProcess.js:95:84547)
	at Object.readFile (/usr/share/code/resources/app/out/vs/workbench/services/extensions/node/extensionHostProcess.js:95:83461)
	at processTicksAndRejections (internal/process/task_queues.js:93:5)
	at async m.readFile (/root/.vscode/extensions/ms-toolsai.jupyter-2021.11.1001550889/out/client/extension.js:104:380788)
	at async g.fixSettingsFile (/root/.vscode/extensions/ms-toolsai.jupyter-2021.11.1001550889/out/client/extension.js:66:537959)
	at async Promise.all (index 0)
	at async g.updateSettings (/root/.vscode/extensions/ms-toolsai.jupyter-2021.11.1001550889/out/client/extension.js:66:539709)] {
  code: 'FileNotFound'
}
Error 15:39:27: Jupyter Extension (Error in Failed to update settings.json, method:fixSettingsFile): [EntryNotFound (FileSystemError): Unable to read file '/code/crispy-engine/.vscode/settings.json' (Error: Unable to resolve nonexistent file '/code/crispy-engine/.vscode/settings.json')
	at Function._handleError (/usr/share/code/resources/app/out/vs/workbench/services/extensions/node/extensionHostProcess.js:95:84547)
	at Object.readFile (/usr/share/code/resources/app/out/vs/workbench/services/extensions/node/extensionHostProcess.js:95:83461)
	at processTicksAndRejections (internal/process/task_queues.js:93:5)
	at async m.readFile (/root/.vscode/extensions/ms-toolsai.jupyter-2021.11.1001550889/out/client/extension.js:104:380788)
	at async g.fixSettingsFile (/root/.vscode/extensions/ms-toolsai.jupyter-2021.11.1001550889/out/client/extension.js:66:537959)
	at async Promise.all (index 1)
	at async g.updateSettings (/root/.vscode/extensions/ms-toolsai.jupyter-2021.11.1001550889/out/client/extension.js:66:539709)] {
  code: 'FileNotFound'
}
Info 15:39:27: Experiment status for python is {"enabled":true,"optInto":[],"optOutFrom":[]}
Info 15:39:28: Process Execution: > /bin/python3.10 -m pip list
> /bin/python3.10 -m pip list
